Microsoft (R) Macro Assembler Version 6.14.8444		    04/28/21 23:37:59
a.asm							     Page 1 - 1


				include console.inc
			      C .NOLIST
			      C .LIST
			      C ; »ÒÍÎ˛˜ÂÌËÂ ËÁ ÒÔËÒÍ‡ ÒÎÛÊÂ·Ì˚ı ÒÎÓ‚
			      C option NoKeyWord: <c name str>
			      C 
			      C 
			      C 
			      C ;include masm32.inc
			      C 
			      C    includelib masm32.lib
			      C    includelib user32.lib
			      C    includelib kernel32.lib
			      C    includelib msvcrt.lib
			      C    includelib io_proc.lib
			      C    
			      C 
				    
 = 000001FF			    Max_Len equ 511
 = 00000022			    Letter_Quotes equ 34
 = 000000F1			    rus_letter_yo_lower equ 241
 = 00000080			    rus_letter_A_Upper equ 128
 = 000000F0			    rus_letter_yo_Upper equ 240
 = 0000009F			    rus_letter_ya_Upper equ 159
 = 000000AF			    rus_letter_p_lower equ 175
 = 000000E0			    rus_letter_r_lower equ 224
 = 00000099			    rus_letter_shc_Upper equ 153
 = 00000085			    rus_letter_ye_Upper equ 133

 00000019			.data
 00000019  000003FE [		    Arr_1 db 2*Max_Len dup (0) ;–ø–µ—Ä–≤—ã–π —Ç–µ–∫—Å—Ç
	    00
	   ]
 00000417  000003FE [		    Arr_2 db 2*Max_Len dup (0) ;–≤—Ç–æ—Ä–æ–π —Ç–µ–∫—Å—Ç
	    00
	   ]
 00000815  00000100 [		    Arr_U db 256 dup (0)       ;–º–∞—Å—Å–∏–≤ —É–Ω–∏–∫–∞–ª—å–Ω—ã—Ö —Å–∏–º–≤–æ–ª–æ–≤
	    00
	   ]
 00000915 0000			    Arr_Len_1 dw ?             ;–¥–ª–∏–Ω–∞ –ø–µ—Ä–≤–æ–≥–æ —Ç–µ–∫—Å—Ç–∞
 00000917 0000			    Arr_Len_2 dw ?             ;–¥–ª–∏–Ω–∞ –≤—Ç–æ—Ä–æ–≥–æ —Ç–µ–∫—Å—Ç–∞
 00000919 0000			    Arr_Un_1 dw ?              ;–∫–æ–ª–∏—á–µ—Å—Ç–≤–æ —É–Ω–∏–∫–∞–ª—å–Ω—ã—Ö —Å–∏–º–≤–æ–ª–æ–≤ –≤ 1 —Ç–µ–∫—Å—Ç–µ
 0000091B 0000			    Arr_Un_2 dw ?              ;–∫–æ–ª–∏—á–µ—Å—Ç–≤–æ —É–Ω–∏–∫–∞–ª—å–Ω—ã—Ö —Å–∏–º–≤–æ–ª–æ–≤ –≤–æ 2 —Ç–µ–∫—Å—Ç–µ

 00000000			.code

				;–í–≤–æ–¥ –º–∞—Å—Å–∏–≤–∞
				;–ù–∞ –≤—Ö–æ–¥ –ø–æ–¥–∞—ë—Ç—Å—è –∞–¥—Ä–µ—Å –Ω–∞—á–∞–ª–∞ –º–∞—Å—Å–∏–≤–∞
				;–Ω–∞ eax —Ä–µ–∑—É–ª—å—Ç–∞—Ç –ø–æ —É—Å–ª–æ–≤–∏—é

 00000000			Array_Input proc
 00000000  55			    push ebp
 00000001  8B EC		    mov ebp, esp
 00000003  52			    push edx
 00000004  53			    push ebx
 00000005  8B 5D 08		    mov ebx, [ebp + 8]
 00000008  33 C0		    xor eax, eax
 0000000A  33 C9		    xor ecx, ecx
 0000000C  33 D2		    xor edx, edx
				    
 0000000E			Array_Input_Begin:
				    inchar al
 0000002E  83 FA 01		    cmp edx, 1
 00000031  74 0C		    je Array_Input_Length_Check

 00000033  3C 5C		    cmp al, '\'
 00000035  0F 84 000000C2	    je Array_Input_Slash

 0000003B  3C 5F		    cmp al, '_'
 0000003D  74 17		    je Array_Input_First_Exit_Symbol
				    
 0000003F			Array_Input_Length_Check:
 0000003F  BA 00000000		    mov edx, 0
 00000044  81 F9 000001FF	    cmp ecx, Max_Len
 0000004A  0F 83 000000C0	    jae Array_Input_Not_Text
 00000050  41			    inc ecx
 00000051  88 03		    mov byte ptr [ebx], al
 00000053  43			    inc ebx
 00000054  EB B8		    jmp Array_Input_Begin

 00000056			Array_Input_First_Exit_Symbol:
				    inchar al
 00000076  3C 40		    cmp al, '@'
 00000078  74 1C		    je Array_Input_Second_Exit_Symbol
 0000007A  BA 00000000		    mov edx, 0
 0000007F  41			    inc ecx
 00000080  81 F9 000001FF	    cmp ecx, Max_Len
 00000086  0F 84 00000084	    je Array_Input_Not_Text
 0000008C  C6 03 5F		    mov byte ptr [ebx], '_'
 0000008F  43			    inc ebx
 00000090  3C 5C		    cmp al, '\'
 00000092  74 69		    je Array_Input_Slash
 00000094  EB A9		    jmp Array_Input_Length_Check
				    
 00000096			Array_Input_Second_Exit_Symbol:
				    inchar al
 000000B6  3C 5F		    cmp al, '_'
 000000B8  74 1A		    je Array_Input_Exit_Symbols
 000000BA  83 C1 01		    add ecx, 1
 000000BD  81 F9 000001FF	    cmp ecx, Max_Len
 000000C3  74 4B		    je Array_Input_Not_Text
 000000C5  C6 03 5F		    mov byte ptr [ebx], '_'
 000000C8  43			    inc ebx
 000000C9  41			    inc ecx
 000000CA  C6 03 40		    mov byte ptr [ebx], '@'
 000000CD  43			    inc ebx
 000000CE  41			    inc ecx
 000000CF  E9 FFFFFF6B		    jmp Array_Input_Length_Check

 000000D4			Array_Input_Exit_Symbols:
 000000D4  83 FA 00		    cmp edx, 0
 000000D7  74 18		    je Array_Input_Next
 000000D9  83 C1 03		    add ecx,3
 000000DC  C6 03 5F		    mov byte ptr [ebx], '_'
 000000DF  C6 43 01 40		    mov byte ptr [ebx + 1], '@'
 000000E3  C6 43 02 5F		    mov byte ptr [ebx + 2], '_'
 000000E7  83 C3 03		    add ebx, 3
 000000EA  33 D2		    xor edx, edx
 000000EC  E9 FFFFFF1D		    jmp Array_Input_Begin
				    
 000000F1			Array_Input_Next:	
 000000F1  83 F9 00		    cmp ecx, 0
 000000F4  74 1A		    je Array_Input_Not_Text
 000000F6  B8 00000001		    mov eax, 1 ; —Ç–µ–∫—Å—Ç
 000000FB  EB 18		    jmp Array_Input_Exit

 000000FD			Array_Input_Slash:
 000000FD  83 FA 01		    cmp edx, 1
 00000100  0F 84 FFFFFF39	    je Array_Input_Length_Check
 00000106  BA 00000001		    mov edx, 1 ; –±—ã–ª –≤–≤–µ–¥—ë–Ω —Å–ª—ç—à
 0000010B  E9 FFFFFEFE		    jmp Array_Input_Begin

 00000110			Array_Input_Not_Text:
 00000110  B8 00000000		    mov eax, 0

 00000115			Array_Input_Exit:
 00000115  5A			    pop edx
 00000116  5B			    pop ebx
 00000117  5D			    pop ebp
 00000118  C2 0004		    ret 4
 0000011B			Array_Input endp

				;–í—ã–≤–æ–¥ —Ç–µ–∫—Å—Ç–∞ 
				;–Ω–∞ –≤—Ö–æ–¥ –ø–æ–¥–∞—ë—Ç—Å—è –∞–¥—Ä–µ—Å –Ω–∞—á–∞–ª–∞ –º–∞—Å—Å–∏–≤–∞

 0000011B			Array_Output proc

 0000011B  55			    push ebp
 0000011C  8B EC		    mov ebp, esp
 0000011E  8B 5D 08		    mov ebx, [ebp + 8]

				    outstrln '"""'

 000001CB			Array_Output_Start:
 000001CB  33 C0		    xor eax, eax
 000001CD  8B 03		    mov eax, [ebx]
 000001CF  83 F8 00		    cmp eax, 0 ; –ø—Ä–æ–≤–µ—Ä—è–µ–º –Ω–∞ —Å–∏–º–≤–æ–ª –∫–æ–Ω—Ü–∞ —Ç–µ–∫—Å—Ç–∞
 000001D2  0F 84 00000392	    je Array_Output_End
				    
 000001D8  3C 22		    cmp al, Letter_Quotes
 000001DA  74 76		    je OutputFirstQuotes

 000001DC			Array_Output_Next:
				    ConsoleMode
				    outchar al
				    ConsoleMode
 0000024C  43			    inc ebx
 0000024D  E9 FFFFFF79		    jmp Array_Output_Start

 00000252			OutputFirstQuotes:
 00000252  2B C0		    sub eax, eax
 00000254  43			    inc ebx
 00000255  8B 03		    mov eax, [ebx]
 00000257  3C 22		    cmp al, Letter_Quotes
 00000259  74 7E		    je OutputSecondQuotes
				    ConsoleMode
				    outchar Letter_Quotes
				    ConsoleMode
 000002CB  83 F8 00		    cmp eax, 0
 000002CE  0F 84 00000296	    je Array_Output_End
 000002D4  E9 FFFFFF03		    jmp Array_Output_Next

 000002D9			OutputSecondQuotes:
 000002D9  2B C0		    sub eax, eax
 000002DB  43			    inc ebx
 000002DC  8B 03		    mov eax, [ebx]
 000002DE  3C 22		    cmp al, Letter_Quotes
 000002E0  0F 84 000000E2	    je OutputThirdQuotes
				    ConsoleMode
				    outchar Letter_Quotes
				    outchar Letter_Quotes
				    ConsoleMode
 000003BA  83 F8 00		    cmp eax, 0
 000003BD  0F 84 000001A7	    je Array_Output_End
 000003C3  E9 FFFFFE14		    jmp Array_Output_Next
				    
 000003C8			    OutputThirdQuotes:
				    ConsoleMode
				    outchar '\'
				    outchar Letter_Quotes
				    outchar Letter_Quotes
				    outchar Letter_Quotes
				    ConsoleMode
 00000564  43			    inc ebx
 00000565  E9 FFFFFC61		    jmp Array_Output_Start

 0000056A			Array_Output_End:
				    outstrln '"""'
				    
 00000614  5D			    pop ebp
 00000615  C2 0004		    ret 4

 00000618			Array_Output endp

				; –ü—Ä–æ—Ü–µ–¥—É—Ä–∞ –ø–æ–¥—Å—á–µ—Ç–∞ –¥–ª–∏–Ω—ã —Ç–µ–∫—Å—Ç–∞ (—É–Ω–∏–∫–∞–ª—å–Ω—ã—Ö —Å–∏–º–≤–æ–ª–æ–≤)
				; –†–µ–∑—É–ª—å—Ç–∞—Ç –Ω–∞ ax

 00000618			Array_Count_Len proc
 00000618  55			    push ebp
 00000619  8B EC		    mov ebp,esp
 0000061B  53			    push ebx
 0000061C  51			    push ecx
 0000061D  52			    push edx
 0000061E  57			    push edi
 0000061F  8B 5D 08		    mov ebx, [ebp + 8] ; –∞–¥—Ä–µ—Å –Ω–∞—á–∞–ª–∞ –º–∞—Å—Å–∏–≤–∞
 00000622  66| 8B 4D 0C		    mov cx, [ebp + 12] ; –¥–ª–∏–Ω–∞ –º–∞—Å—Å–∏–≤–∞
				    
 00000626  33 D2		    xor edx, edx

 00000628			Array_Count_Begin: 
 00000628  8A 03		    mov al, byte ptr [ebx]
 0000062A  3C 0A		    cmp al, 10
 0000062C  74 0A		    je Array_Count_Next
 0000062E  3C 0D		    cmp al, 13
 00000630  74 06		    je Array_Count_Next
 00000632  FE 80 00000815 R	    inc Arr_U[eax]

 00000638			Array_Count_Next:	
 00000638  43			    inc ebx
 00000639  66| 42		    inc dx
 0000063B  66| 3B D1		    cmp dx, cx
 0000063E  72 E8		    jb Array_Count_Begin
 00000640  33 D2		    xor edx, edx

 00000642			Array_Count_Symbols: 
 00000642  80 BA 00000815 R	    cmp Arr_U[edx], 0
	   00
 00000649  74 02		    je Array_Count_Check
 0000064B  66| 47		    inc di

 0000064D			Array_Count_Check:
 0000064D  42			    inc edx
 0000064E  81 FA 00000100	    cmp edx, 256
 00000654  72 EC		    jb Array_Count_Symbols
				    
 00000656  33 DB		    xor ebx, ebx  
 00000658			Array_Count_Set_Zero: 
 00000658  C6 83 00000815 R	    mov Arr_U[ebx], 0
	   00
 0000065F  43			    inc ebx
 00000660  81 FB 00000100	    cmp ebx, 256
 00000666  72 F0		    jb Array_Count_Set_Zero

 00000668  66| 8B C7		    mov ax, di 
 0000066B  5F			    pop edi
 0000066C  5A			    pop edx
 0000066D  59			    pop ecx
 0000066E  5B			    pop ebx
 0000066F  5D			    pop ebp
 00000670  C2 0008		    ret 8
				    
 00000673			Array_Count_Len endp

				;–ü—Ä–µ–æ–±—Ä–∞–∑–æ–≤–∞–Ω–∏–µ —Ç–µ–∫—Å—Ç–∞
				;1) –∑–∞–º–µ–Ω–∏—Ç—å –ª–∞—Ç–∏–Ω—Å–∫—É—é –±—É–∫–≤—É —Å–∏–º–º–µ—Ç—Ä–∏—á–Ω–æ–π
				;–ù–∞ –≤—Ö–æ–¥ –ø–æ–¥–∞—ë—Ç—Å—è –∞–¥—Ä–µ—Å –Ω–∞—á–∞–ª–∞ –º–∞—Å—Å–∏–≤–∞

 00000673			Text_Conv_First proc

 00000673  55			    push ebp
 00000674  8B EC		    mov ebp, esp
 00000676  8B 5D 08		    mov ebx, [ebp + 8]

 00000679			Text_Conv_First_Start:
 00000679  33 C0		    xor eax, eax
 0000067B  8B 03		    mov eax, [ebx]
				    
 0000067D  3C 00		    cmp al, 0 ; –ø—Ä–æ–≤–µ—Ä—è–µ–º –Ω–∞ —Å–∏–º–≤–æ–ª –∫–æ–Ω—Ü–∞ —Ç–µ–∫—Å—Ç–∞
 0000067F  0F 84 000000C4	    je Text_Conv_First_End

 00000685  3C 41		    cmp al, 'A'
 00000687  0F 82 000000B6	    jb Text_Conv_First_Skip
				    
 0000068D  3C F1		    cmp al, 241
 0000068F  0F 87 000000AE	    ja Text_Conv_First_Skip

 00000695  3C 5A		    cmp al, 'Z'
 00000697  77 02		    ja Text_Conv_First_Check1
 00000699  EB 36		    jmp Text_Conv_First_Change_Upper_ENG

				;;;;;;;;;;;;;;;;;;;;;;;;;;;;;;;;;;;;;;;;;;;;

 0000069B			Text_Conv_First_Check1:

 0000069B  3C 61		    cmp al, 'a'
 0000069D  0F 82 000000A0	    jb Text_Conv_First_Skip
				    
 000006A3  3C 7A		    cmp al, 'z'
 000006A5  77 02		    ja Text_Conv_First_Check2
 000006A7  EB 32		    jmp Text_Conv_First_Change_Lower_ENG

 000006A9			Text_Conv_First_Check2:

 000006A9  3C 80		    cmp al, rus_letter_A_Upper
 000006AB  0F 82 00000092	    jb Text_Conv_First_Skip
				    
 000006B1  3C AF		    cmp al, 175
 000006B3  0F 84 0000008A	    je Text_Conv_First_Skip

 000006B9  3C F1		    cmp al, 241
 000006BB  74 56		    je Text_Conv_First_Change_Lower_RUS
				    
 000006BD  3C F0		    cmp al, 240
 000006BF  74 24		    je Text_Conv_First_Change_Upper_RUS

 000006C1  3C 9F		    cmp al, rus_letter_ya_Upper
 000006C3  77 02		    ja Text_Conv_First_Check3
 000006C5  EB 1E		    jmp Text_Conv_First_Change_Upper_RUS

 000006C7			Text_Conv_First_Check3:

 000006C7  3C AF		    cmp al, rus_letter_p_lower
 000006C9  76 48		    jbe Text_Conv_First_Change_Lower_RUS
				    
 000006CB  3C E0		    cmp al, rus_letter_r_lower
 000006CD  72 74		    jb Text_Conv_First_Skip
 000006CF  EB 42		    jmp Text_Conv_First_Change_Lower_RUS


 000006D1			Text_Conv_First_Change_Upper_ENG:
 000006D1  B0 5A		    mov al, 'Z'
 000006D3  2A 03		    sub al, [ebx]      ;[ebx] = Z - [ebx] + A
 000006D5  04 41		    add al, 'A'
 000006D7  88 03		    mov [ebx], al
 000006D9  EB 68		    jmp Text_Conv_First_Skip

 000006DB			Text_Conv_First_Change_Lower_ENG:
 000006DB  B0 7A		    mov al, 'z'
 000006DD  2A 03		    sub al, [ebx]      ;[ebx] = z - [ebx] + a
 000006DF  04 61		    add al, 'a'
 000006E1  88 03		    mov [ebx], al
 000006E3  EB 5E		    jmp Text_Conv_First_Skip



 000006E5			Text_Conv_First_Change_Upper_RUS:
 000006E5  8A 03		    mov al, [ebx]
 000006E7  3C F0		    cmp al, 240
 000006E9  75 04		    jne F
 000006EB  B0 99		    mov al, 153
 000006ED  EB 54		    jmp Text_Conv_First_Skip
 000006EF			F:
 000006EF  3C 99		    cmp al, 153
 000006F1  75 04		    jne F1
 000006F3  B0 F0		    mov al, 240
 000006F5  EB 4C		    jmp Text_Conv_First_Skip
 000006F7			F1:
 000006F7  3C 85		    cmp al, 133 ; —Å—Ä–∞–≤–Ω–∏–≤–∞–µ–º —Å –ï
 000006F9  77 02		    ja L  
 000006FB  EB 0A		    jmp L2  
 000006FD			L:
 000006FD  3C 99		    cmp al, 153
 000006FF  77 06		    ja L2      
 00000701			L1:
 00000701  88 03		    mov [ebx], al
 00000703  B0 9E		    mov al, rus_letter_ya_Upper - 1
 00000705  EB 04		    jmp Q
 00000707			L2:
 00000707  88 03		    mov [ebx], al
 00000709  B0 9F		    mov al, rus_letter_ya_Upper

 0000070B			Q:
 0000070B  2A 03		    sub al, [ebx]      ; [ebx] = –Ø - [ebx] + –ê
 0000070D  04 80		    add al, rus_letter_A_Upper
 0000070F  88 03		    mov [ebx], al
 00000711  EB 30		    jmp Text_Conv_First_Skip

 00000713			Text_Conv_First_Change_Lower_RUS:
 00000713  8A 03		    mov al, [ebx]
 00000715  3C F1		    cmp al, 241
 00000717  75 04		    jne M
 00000719  B0 E9		    mov al, 233
 0000071B  EB 26		    jmp Text_Conv_First_Skip
 0000071D			M:
 0000071D  3C E9		    cmp al, 233
 0000071F  75 04		    jne M1
 00000721  B0 F1		    mov al, 241
 00000723  EB 1E		    jmp Text_Conv_First_Skip
 00000725			M1:
 00000725  3C A5		    cmp al, 165 ; —Å—Ä–∞–≤–Ω–∏–≤–∞–µ–º —Å –µ
 00000727  77 02		    ja M2  
 00000729  EB 0C		    jmp K2 
 0000072B			M2:
 0000072B  3C EA		    cmp al, 234 ; —Å—Ä–∞–≤–Ω–∏–≤–∞–µ–º —Å —ä
 0000072D  73 08		    jae K2  
 0000072F  EB 00		    jmp K1 
				  
 00000731			K1:
 00000731  88 03		    mov [ebx], al
 00000733  B0 FE		    mov al, 254
 00000735  EB 04		    jmp Y
 00000737			K2:
 00000737  88 03		    mov [ebx], al
 00000739  B0 FF		    mov al, 255

 0000073B			Y:
 0000073B  2A 03		    sub al, [ebx]      
 0000073D  04 90		    add al, 144
 0000073F  88 03		    mov [ebx], al
 00000741  EB 00		    jmp Text_Conv_First_Skip


 00000743			Text_Conv_First_Skip:
 00000743  43			    inc ebx
 00000744  E9 FFFFFF30		    jmp Text_Conv_First_Start

 00000749			Text_Conv_First_End:
 00000749  5D			    pop ebp
 0000074A  C2 0004		    ret 4

 0000074D			Text_Conv_First endp

				;–ü—Ä–µ–æ–±—Ä–∞–∑–æ–≤–∞–Ω–∏–µ —Ç–µ–∫—Å—Ç–∞
				;2) —É–¥–≤–æ–∏—Ç—å –∑–∞–≥–ª–∞–≤–Ω—É—é –±—É–∫–≤—É
				;–ù–∞ –≤—Ö–æ–¥ –ø–æ–¥–∞—ë—Ç—Å—è –∞–¥—Ä–µ—Å –Ω–∞—á–∞–ª–∞ –º–∞—Å—Å–∏–≤–∞

 0000074D			Text_Conv_Second proc

 0000074D  55			        push ebp
 0000074E  8B EC		        mov ebp, esp
 00000750  50			        push eax
 00000751  53			        push ebx
 00000752  51			        push ecx
 00000753  52			        push edx
 00000754  56			        push esi

 00000755  8B 5D 08		        mov ebx, [ebp + 8]
 00000758  2B C0		        sub eax, eax
 0000075A  2B D2		        sub edx, edx

 0000075C			Text_Conv_Second_Count_Len:
 0000075C  2B C9		        sub ecx, ecx
 0000075E  8B 0B		        mov ecx, [ebx]
 00000760  43			        inc ebx
 00000761  80 F9 00		        cmp cl, 0 ; –ø—Ä–æ–≤–µ—Ä—è–µ–º –Ω–∞ —Å–∏–º–≤–æ–ª –∫–æ–Ω—Ü–∞ —Ç–µ–∫—Å—Ç–∞
 00000764  74 04		        je Text_Conv_Second_Div
 00000766  66| 40		        inc ax ;–¥–ª–∏–Ω–∞ –Ω–∞ –∞—Ö
 00000768  75 F2		        jne Text_Conv_Second_Count_Len

 0000076A			Text_Conv_Second_Div:

 0000076A  66| 83 F8 01		        cmp ax, 1
 0000076E  74 26		        je Text_Conv_Second_End
 00000770  83 EB 02		        sub ebx, 2
 00000773  2B F6		        sub esi, esi
 00000775  8B F3		        mov esi, ebx ;—Å–æ—Ö—Ä–∞–Ω—è–µ–º –∞–¥—Ä–µ—Å –∫–æ–Ω—Ü–∞ –º–∞—Å—Å–∏–≤–∞

 00000777  2B C9		        sub ecx, ecx
 00000779  66| B9 0002		        mov cx, 2
 0000077D  66| F7 F1		        div cx ;–¥–µ–ª–∏–º –Ω–∞ 2

 00000780  2B C9		        sub ecx, ecx
 00000782  66| 8B C8		        mov cx, ax ; –ø–æ–ª–æ–≤–∏–Ω–∞ –¥–ª–∏–Ω—ã –Ω–∞ —Å—Ö
 00000785  8B 5D 08		        mov ebx, [ebp + 8] ;–∞–¥—Ä–µ—Å –Ω–∞—á–∞–ª–∞ –º–∞—Å—Å–∏–≤–∞

 00000788			Text_Conv_Second_Make:

 00000788  2B C0		        sub eax, eax
 0000078A  8A 23		        mov ah, byte ptr [ebx] ; ah = Array[ebx]
 0000078C  8A 06		        mov al, byte ptr [esi] ; al = Array[esi]
 0000078E  88 26		        mov byte ptr [esi], ah ; Array[esi] := ah
 00000790  88 03		        mov byte ptr [ebx], al ; Array[ebx] = al
 00000792  43			        inc ebx
 00000793  4E			        dec esi

 00000794  E2 F2		Loop Text_Conv_Second_Make

 00000796			Text_Conv_Second_End:
 00000796  5E			        pop esi
 00000797  5A			        pop edx
 00000798  59			        pop ecx
 00000799  5B			        pop ebx
 0000079A  58			        pop eax
 0000079B  5D			        pop ebp
 0000079C  C2 0004		        ret 4

 0000079F			Text_Conv_Second endp

 0000079F			Start:

 0000079F			Input_First_Text:
				    outstr ' Text 1: '
 000007DD  68 00000019 R	    push offset Arr_1
 000007E2  E8 FFFFF819		    call Array_Input

 000007E7  83 F8 00		    cmp eax, 0
 000007EA  0F 84 0000095D	    je ProgramEndNotText

 000007F0  50			    push eax
 000007F1  66| 89 0D		    mov Arr_Len_1, cx
	   00000915 R
 000007F8  66| FF 35		    push Arr_Len_1
	   00000915 R
 000007FF  68 00000019 R	    push offset Arr_1
 00000804  E8 FFFFFE0F		    call Array_Count_Len
 00000809  66| A3		    mov Arr_Un_1, ax
	   00000919 R
 0000080F  58			    pop eax
 00000810  83 F8 00		    cmp eax, 0
 00000813  0F 85 000000AF	    jne Input_Second_Text
				    outstrln 'Not text, exit'
 000008C3  E9 0000092F		    jmp Program_End

 000008C8			Input_Second_Text:
				    outstr ' Text 2: '
				    flush

 00000923  33 C0		    xor eax, eax
 00000925  68 00000417 R	    push offset Arr_2
 0000092A  E8 FFFFF6D1		    call Array_Input

 0000092F  83 F8 00		    cmp eax, 0
 00000932  0F 84 00000815	    je ProgramEndNotText

 00000938  50			    push eax
 00000939  66| 89 0D		    mov Arr_Len_2, cx
	   00000917 R
 00000940  66| FF 35		    push Arr_Len_2
	   00000917 R
 00000947  68 00000417 R	    push offset Arr_2
 0000094C  E8 FFFFFCC7		    call Array_Count_Len
 00000951  66| A3		    mov Arr_Un_2, ax
	   0000091B R
 00000957  58			    pop eax
 00000958  83 F8 00		    cmp eax, 0
 0000095B  0F 85 000000AF	    jne Conv_Case_1
				    outstrln 'Not text, exit'
 00000A0B  E9 000007E7		    jmp Program_End

 00000A10			Conv_Case_1:
 00000A10  33 C0		    xor eax, eax
 00000A12  66| A1		    mov ax, Arr_Un_1
	   00000919 R
 00000A18  66| 3B 05		    cmp ax, Arr_Un_2
	   0000091B R
				    outstr ' Length 1 = '
				    outintln Arr_Un_1
				    outstr ' Length 2 = '
				    outintln Arr_Un_2
 00000BAF  0F 82 00000217	    jb Conv_Case_2
				    outstrln ' Text 1 is longer or they are equal'
				    outstrln ' Change letters to the symmetrical in Text 1'
				    outstrln ' Reverse Text 2'
				    
 00000DB3  68 00000019 R	    push offset Arr_1
 00000DB8  E8 FFFFF8B6		    call Text_Conv_First
 00000DBD  68 00000417 R	    push offset Arr_2
 00000DC2  E8 FFFFF986		    call Text_Conv_Second
				     
 00000DC7  E9 00000214		    jmp Output
 00000DCC			Conv_Case_2:
				    outstrln ' Text 2 is longer'
				    outstrln ' Reverse Text 1'
				    outstrln ' Change letters to the symmetrical in Text 2'
				    
 00000FCA  68 00000019 R	    push offset Arr_1
 00000FCF  E8 FFFFF779		    call Text_Conv_Second
 00000FD4  68 00000417 R	    push offset Arr_2
 00000FD9  E8 FFFFF695		    call Text_Conv_First
 00000FDE  EB 00		    jmp Output

 00000FE0			Output:
				    outstrln ' Text 1 after conversion'
 0000108A  68 00000019 R	    push offset Arr_1
 0000108F  E8 FFFFF087		    call Array_Output

				    outstrln ' Text 2 after conversion'
 0000113E  68 00000417 R	    push offset Arr_2
 00001143  E8 FFFFEFD3		    call Array_Output
 00001148  E9 000000AA		    jmp Program_End

 0000114D			ProgramEndNotText:
				    outstrln ' Error! Wrong Input'

 000011F7			Program_End:
				    exit

				end Start
Microsoft (R) Macro Assembler Version 6.14.8444		    04/28/21 23:37:59
a.asm							     Symbols 2 - 1




Macros:

                N a m e                 Type

??CheckStrToBuf  . . . . . . . .	Proc
??FindESP  . . . . . . . . . . .	Proc
??RestoreReg . . . . . . . . . .	Proc
??SaveReg  . . . . . . . . . . .	Proc
@GetCommandLine  . . . . . . . .	Func
@Random  . . . . . . . . . . . .	Func
@inchar  . . . . . . . . . . . .	Func
@inintln . . . . . . . . . . . .	Func
@inint . . . . . . . . . . . . .	Func
@readkey . . . . . . . . . . . .	Func
ChagePageAttr  . . . . . . . . .	Proc
ClrScr . . . . . . . . . . . . .	Proc
ConsoleMode  . . . . . . . . . .	Proc
ConsoleTitle . . . . . . . . . .	Proc
DOS  . . . . . . . . . . . . . .	Func
DownloadFile . . . . . . . . . .	Proc
GetConsoleTitle  . . . . . . . .	Proc
HeapBlockSize  . . . . . . . . .	Proc
InputStr . . . . . . . . . . . .	Proc
MsgBox . . . . . . . . . . . . .	Proc
NewConsole . . . . . . . . . . .	Proc
OpenFile . . . . . . . . . . . .	Proc
OutFlags . . . . . . . . . . . .	Proc
Randomize  . . . . . . . . . . .	Proc
RunExe . . . . . . . . . . . . .	Proc
SetScreenSize  . . . . . . . . .	Proc
SetTextAttr  . . . . . . . . . .	Proc
TotalHeapAllocated . . . . . . .	Proc
WhereX . . . . . . . . . . . . .	Proc
WhereY . . . . . . . . . . . . .	Proc
dispose  . . . . . . . . . . . .	Proc
exit . . . . . . . . . . . . . .	Proc
flush  . . . . . . . . . . . . .	Proc
gotoXY . . . . . . . . . . . . .	Proc
inchar . . . . . . . . . . . . .	Proc
inintln  . . . . . . . . . . . .	Proc
inint  . . . . . . . . . . . . .	Proc
newline  . . . . . . . . . . . .	Proc
new  . . . . . . . . . . . . . .	Proc
outcharln  . . . . . . . . . . .	Proc
outchar  . . . . . . . . . . . .	Proc
outdateln  . . . . . . . . . . .	Proc
outdate  . . . . . . . . . . . .	Proc
outintln . . . . . . . . . . . .	Proc
outint . . . . . . . . . . . . .	Proc
outnumln . . . . . . . . . . . .	Proc
outnum . . . . . . . . . . . . .	Proc
outstrln . . . . . . . . . . . .	Proc
outstr . . . . . . . . . . . . .	Proc
outtimeln  . . . . . . . . . . .	Proc
outtime  . . . . . . . . . . . .	Proc
outwordln  . . . . . . . . . . .	Proc
outword  . . . . . . . . . . . .	Proc
pause  . . . . . . . . . . . . .	Proc
readkey  . . . . . . . . . . . .	Proc


Structures and Unions:

                N a m e                  Size
                                         Offset      Type

CONSOLE_SCREEN_BUFFER_INFO . . .	 00000016
  dwSize . . . . . . . . . . . .	 00000000	 DWord
  dwCursorPosition . . . . . . .	 00000004	 DWord
  wAttributes  . . . . . . . . .	 00000008	 Word
  srWindow . . . . . . . . . . .	 0000000A	 QWord
  dwMaximumWindowSize  . . . . .	 00000012	 DWord
COORD  . . . . . . . . . . . . .	 00000004
  x  . . . . . . . . . . . . . .	 00000000	 Word
  y  . . . . . . . . . . . . . .	 00000002	 Word
SMALL_RECT . . . . . . . . . . .	 00000008
  Left . . . . . . . . . . . . .	 00000000	 Word
  Top  . . . . . . . . . . . . .	 00000002	 Word
  Right  . . . . . . . . . . . .	 00000004	 Word
  Bottom . . . . . . . . . . . .	 00000006	 Word
SystemTime . . . . . . . . . . .	 00000010
  wYear  . . . . . . . . . . . .	 00000000	 Word
  wMonth . . . . . . . . . . . .	 00000002	 Word
  wDayOfWeek . . . . . . . . . .	 00000004	 Word
  wDay . . . . . . . . . . . . .	 00000006	 Word
  wHour  . . . . . . . . . . . .	 00000008	 Word
  wMinute  . . . . . . . . . . .	 0000000A	 Word
  wSecond  . . . . . . . . . . .	 0000000C	 Word
  wMilliseconds  . . . . . . . .	 0000000E	 Word


Types:

                N a m e                  Size     Attr

c_msvcrt . . . . . . . . . . . .	 00000004     CODE 


Segments and Groups:

                N a m e                 Size     Length   Align   Combine Class

FLAT . . . . . . . . . . . . . .	GROUP
STACK  . . . . . . . . . . . . .	32 Bit	 00001000 Para	  Stack	  'STACK'	 
_DATA  . . . . . . . . . . . . .	32 Bit	 00001D67 Para	  Public  'DATA'	
_TEXT  . . . . . . . . . . . . .	32 Bit	 00001203 Para	  Public  'CODE'	


Procedures,  parameters and locals:

                N a m e                 Type     Value    Attr

Array_Count_Len  . . . . . . . .	P Near	 00000618 _TEXT	Length= 0000005B Public STDCALL
  Array_Count_Begin  . . . . . .	L Near	 00000628 _TEXT	
  Array_Count_Next . . . . . . .	L Near	 00000638 _TEXT	
  Array_Count_Symbols  . . . . .	L Near	 00000642 _TEXT	
  Array_Count_Check  . . . . . .	L Near	 0000064D _TEXT	
  Array_Count_Set_Zero . . . . .	L Near	 00000658 _TEXT	
Array_Input  . . . . . . . . . .	P Near	 00000000 _TEXT	Length= 0000011B Public STDCALL
  Array_Input_Begin  . . . . . .	L Near	 0000000E _TEXT	
  ??0002 . . . . . . . . . . . .	L Near	 00000019 _TEXT	
  Array_Input_Length_Check . . .	L Near	 0000003F _TEXT	
  Array_Input_First_Exit_Symbol 	L Near	 00000056 _TEXT	
  ??0005 . . . . . . . . . . . .	L Near	 00000061 _TEXT	
  Array_Input_Second_Exit_Symbol .	L Near	 00000096 _TEXT	
  ??0008 . . . . . . . . . . . .	L Near	 000000A1 _TEXT	
  Array_Input_Exit_Symbols . . .	L Near	 000000D4 _TEXT	
  Array_Input_Next . . . . . . .	L Near	 000000F1 _TEXT	
  Array_Input_Slash  . . . . . .	L Near	 000000FD _TEXT	
  Array_Input_Not_Text . . . . .	L Near	 00000110 _TEXT	
  Array_Input_Exit . . . . . . .	L Near	 00000115 _TEXT	
Array_Output . . . . . . . . . .	P Near	 0000011B _TEXT	Length= 000004FD Public STDCALL
  ??000E . . . . . . . . . . . .	L Near	 0000014C _TEXT	
  ??0017 . . . . . . . . . . . .	L Near	 0000017E _TEXT	
  ??0018 . . . . . . . . . . . .	L Near	 000001B4 _TEXT	
  Array_Output_Start . . . . . .	L Near	 000001CB _TEXT	
  Array_Output_Next  . . . . . .	L Near	 000001DC _TEXT	
  ??0020 . . . . . . . . . . . .	L Near	 000001FD _TEXT	
  ??0021 . . . . . . . . . . . .	L Near	 00000233 _TEXT	
  OutputFirstQuotes  . . . . . .	L Near	 00000252 _TEXT	
  ??0029 . . . . . . . . . . . .	L Near	 0000027C _TEXT	
  ??002A . . . . . . . . . . . .	L Near	 000002B2 _TEXT	
  OutputSecondQuotes . . . . . .	L Near	 000002D9 _TEXT	
  ??0032 . . . . . . . . . . . .	L Near	 00000307 _TEXT	
  ??0033 . . . . . . . . . . . .	L Near	 0000033D _TEXT	
  ??003B . . . . . . . . . . . .	L Near	 0000036B _TEXT	
  ??003C . . . . . . . . . . . .	L Near	 000003A1 _TEXT	
  OutputThirdQuotes  . . . . . .	L Near	 000003C8 _TEXT	
  ??0044 . . . . . . . . . . . .	L Near	 000003E9 _TEXT	
  ??0045 . . . . . . . . . . . .	L Near	 0000041F _TEXT	
  ??004D . . . . . . . . . . . .	L Near	 0000044D _TEXT	
  ??004E . . . . . . . . . . . .	L Near	 00000483 _TEXT	
  ??0056 . . . . . . . . . . . .	L Near	 000004B1 _TEXT	
  ??0057 . . . . . . . . . . . .	L Near	 000004E7 _TEXT	
  ??005F . . . . . . . . . . . .	L Near	 00000515 _TEXT	
  ??0060 . . . . . . . . . . . .	L Near	 0000054B _TEXT	
  Array_Output_End . . . . . . .	L Near	 0000056A _TEXT	
  ??0066 . . . . . . . . . . . .	L Near	 00000595 _TEXT	
  ??006F . . . . . . . . . . . .	L Near	 000005C7 _TEXT	
  ??0070 . . . . . . . . . . . .	L Near	 000005FD _TEXT	
CharToOemA . . . . . . . . . . .	P Near	 00000000 FLAT	Length= 00000000 External STDCALL
ClearScreen  . . . . . . . . . .	P Near	 00000000 FLAT	Length= 00000000 External STDCALL
CloseHandle  . . . . . . . . . .	P Near	 00000000 FLAT	Length= 00000000 External STDCALL
CreateFileA  . . . . . . . . . .	P Near	 00000000 FLAT	Length= 00000000 External STDCALL
ExitProcess  . . . . . . . . . .	P Near	 00000000 FLAT	Length= 00000000 External STDCALL
GetCommandLineA  . . . . . . . .	P Near	 00000000 FLAT	Length= 00000000 External STDCALL
GetConsoleScreenBufferInfo . . .	P Near	 00000000 FLAT	Length= 00000000 External STDCALL
GetConsoleTitleA . . . . . . . .	P Near	 00000000 FLAT	Length= 00000000 External STDCALL
GetModuleHandleA . . . . . . . .	P Near	 00000000 FLAT	Length= 00000000 External STDCALL
GetStdHandle . . . . . . . . . .	P Near	 00000000 FLAT	Length= 00000000 External STDCALL
GetSystemMetrics . . . . . . . .	P Near	 00000000 FLAT	Length= 00000000 External STDCALL
GetSystemTime  . . . . . . . . .	P Near	 00000000 FLAT	Length= 00000000 External STDCALL
GetTickCount . . . . . . . . . .	P Near	 00000000 FLAT	Length= 00000000 External STDCALL
GlobalAlloc  . . . . . . . . . .	P Near	 00000000 FLAT	Length= 00000000 External STDCALL
GlobalFree . . . . . . . . . . .	P Near	 00000000 FLAT	Length= 00000000 External STDCALL
GlobalSize . . . . . . . . . . .	P Near	 00000000 FLAT	Length= 00000000 External STDCALL
InternetGetConnectedState  . . .	P Near	 00000000 FLAT	Length= 00000000 External STDCALL
MessageBoxA  . . . . . . . . . .	P Near	 00000000 FLAT	Length= 00000000 External STDCALL
MessageBoxIndirectA  . . . . . .	P Near	 00000000 FLAT	Length= 00000000 External STDCALL
SetConsoleCtrlHandler  . . . . .	P Near	 00000000 FLAT	Length= 00000000 External STDCALL
SetConsoleCursorPosition . . . .	P Near	 00000000 FLAT	Length= 00000000 External STDCALL
SetConsoleScreenBufferSize . . .	P Near	 00000000 FLAT	Length= 00000000 External STDCALL
SetConsoleTextAttribute  . . . .	P Near	 00000000 FLAT	Length= 00000000 External STDCALL
SetConsoleTitleA . . . . . . . .	P Near	 00000000 FLAT	Length= 00000000 External STDCALL
Sleep  . . . . . . . . . . . . .	P Near	 00000000 FLAT	Length= 00000000 External STDCALL
StdIn  . . . . . . . . . . . . .	P Near	 00000000 FLAT	Length= 00000000 External STDCALL
StdOut . . . . . . . . . . . . .	P Near	 00000000 FLAT	Length= 00000000 External STDCALL
Text_Conv_First  . . . . . . . .	P Near	 00000673 _TEXT	Length= 000000DA Public STDCALL
  Text_Conv_First_Start  . . . .	L Near	 00000679 _TEXT	
  Text_Conv_First_Check1 . . . .	L Near	 0000069B _TEXT	
  Text_Conv_First_Check2 . . . .	L Near	 000006A9 _TEXT	
  Text_Conv_First_Check3 . . . .	L Near	 000006C7 _TEXT	
  Text_Conv_First_Change_Upper_ENG .	L Near	 000006D1 _TEXT	
  Text_Conv_First_Change_Lower_ENG .	L Near	 000006DB _TEXT	
  Text_Conv_First_Change_Upper_RUS .	L Near	 000006E5 _TEXT	
  F  . . . . . . . . . . . . . .	L Near	 000006EF _TEXT	
  F1 . . . . . . . . . . . . . .	L Near	 000006F7 _TEXT	
  L  . . . . . . . . . . . . . .	L Near	 000006FD _TEXT	
  L1 . . . . . . . . . . . . . .	L Near	 00000701 _TEXT	
  L2 . . . . . . . . . . . . . .	L Near	 00000707 _TEXT	
  Q  . . . . . . . . . . . . . .	L Near	 0000070B _TEXT	
  Text_Conv_First_Change_Lower_RUS .	L Near	 00000713 _TEXT	
  M  . . . . . . . . . . . . . .	L Near	 0000071D _TEXT	
  M1 . . . . . . . . . . . . . .	L Near	 00000725 _TEXT	
  M2 . . . . . . . . . . . . . .	L Near	 0000072B _TEXT	
  K1 . . . . . . . . . . . . . .	L Near	 00000731 _TEXT	
  K2 . . . . . . . . . . . . . .	L Near	 00000737 _TEXT	
  Y  . . . . . . . . . . . . . .	L Near	 0000073B _TEXT	
  Text_Conv_First_Skip . . . . .	L Near	 00000743 _TEXT	
  Text_Conv_First_End  . . . . .	L Near	 00000749 _TEXT	
Text_Conv_Second . . . . . . . .	P Near	 0000074D _TEXT	Length= 00000052 Public STDCALL
  Text_Conv_Second_Count_Len . .	L Near	 0000075C _TEXT	
  Text_Conv_Second_Div . . . . .	L Near	 0000076A _TEXT	
  Text_Conv_Second_Make  . . . .	L Near	 00000788 _TEXT	
  Text_Conv_Second_End . . . . .	L Near	 00000796 _TEXT	
URLDownloadToFileA . . . . . . .	P Near	 00000000 FLAT	Length= 00000000 External STDCALL
VirtualProtect . . . . . . . . .	P Near	 00000000 FLAT	Length= 00000000 External STDCALL
nrandom  . . . . . . . . . . . .	P Near	 00000000 FLAT	Length= 00000000 External STDCALL
nseed  . . . . . . . . . . . . .	P Near	 00000000 FLAT	Length= 00000000 External STDCALL
shell_ex . . . . . . . . . . . .	P Near	 00000000 FLAT	Length= 00000000 External STDCALL
shell  . . . . . . . . . . . . .	P Near	 00000000 FLAT	Length= 00000000 External STDCALL
wait_key . . . . . . . . . . . .	P Near	 00000000 FLAT	Length= 00000000 External STDCALL


Symbols:

                N a m e                 Type     Value    Attr

??0000 . . . . . . . . . . . . .	Number	 00000001h   
??0001 . . . . . . . . . . . . .	Byte	 0000091D _DATA	
??0003 . . . . . . . . . . . . .	Number	 00000001h   
??0004 . . . . . . . . . . . . .	Byte	 0000091F _DATA	
??0006 . . . . . . . . . . . . .	Number	 00000001h   
??0007 . . . . . . . . . . . . .	Byte	 00000921 _DATA	
??0009 . . . . . . . . . . . . .	Byte	 00000928 _DATA	
??000A . . . . . . . . . . . . .	Byte	 00000924 _DATA	
??000B . . . . . . . . . . . . .	Text   	 "
??000C . . . . . . . . . . . . .	Byte	 00000923 _DATA	
??000F . . . . . . . . . . . . .	Byte	 0000092B _DATA	
??0010 . . . . . . . . . . . . .	Number	 00000000h   
??0011 . . . . . . . . . . . . .	Byte	 0000092E _DATA	
??0013 . . . . . . . . . . . . .	Byte	 000009F9 _DATA	
??0014 . . . . . . . . . . . . .	Byte	 00000931 _DATA	
??0015 . . . . . . . . . . . . .	Text   	 o
??0016 . . . . . . . . . . . . .	Byte	 00000930 _DATA	
??0019 . . . . . . . . . . . . .	Number	 00000001h   
??001A . . . . . . . . . . . . .	Byte	 000009FC _DATA	
??001C . . . . . . . . . . . . .	Byte	 00000AC7 _DATA	
??001D . . . . . . . . . . . . .	Byte	 000009FF _DATA	
??001E . . . . . . . . . . . . .	Text   	 o
??001F . . . . . . . . . . . . .	Byte	 000009FE _DATA	
??0022 . . . . . . . . . . . . .	Number	 00000000h   
??0023 . . . . . . . . . . . . .	Byte	 00000ACA _DATA	
??0025 . . . . . . . . . . . . .	Byte	 00000B95 _DATA	
??0026 . . . . . . . . . . . . .	Byte	 00000ACD _DATA	
??0027 . . . . . . . . . . . . .	Text   	 o
??0028 . . . . . . . . . . . . .	Byte	 00000ACC _DATA	
??002B . . . . . . . . . . . . .	Number	 00000000h   
??002C . . . . . . . . . . . . .	Byte	 00000B98 _DATA	
??002E . . . . . . . . . . . . .	Byte	 00000C63 _DATA	
??002F . . . . . . . . . . . . .	Byte	 00000B9B _DATA	
??0030 . . . . . . . . . . . . .	Text   	 o
??0031 . . . . . . . . . . . . .	Byte	 00000B9A _DATA	
??0034 . . . . . . . . . . . . .	Number	 00000000h   
??0035 . . . . . . . . . . . . .	Byte	 00000C66 _DATA	
??0037 . . . . . . . . . . . . .	Byte	 00000D31 _DATA	
??0038 . . . . . . . . . . . . .	Byte	 00000C69 _DATA	
??0039 . . . . . . . . . . . . .	Text   	 o
??003A . . . . . . . . . . . . .	Byte	 00000C68 _DATA	
??003D . . . . . . . . . . . . .	Number	 00000000h   
??003E . . . . . . . . . . . . .	Byte	 00000D34 _DATA	
??0040 . . . . . . . . . . . . .	Byte	 00000DFF _DATA	
??0041 . . . . . . . . . . . . .	Byte	 00000D37 _DATA	
??0042 . . . . . . . . . . . . .	Text   	 o
??0043 . . . . . . . . . . . . .	Byte	 00000D36 _DATA	
??0046 . . . . . . . . . . . . .	Number	 00000000h   
??0047 . . . . . . . . . . . . .	Byte	 00000E02 _DATA	
??0049 . . . . . . . . . . . . .	Byte	 00000ECD _DATA	
??004A . . . . . . . . . . . . .	Byte	 00000E05 _DATA	
??004B . . . . . . . . . . . . .	Text   	 o
??004C . . . . . . . . . . . . .	Byte	 00000E04 _DATA	
??004F . . . . . . . . . . . . .	Number	 00000000h   
??0050 . . . . . . . . . . . . .	Byte	 00000ED0 _DATA	
??0052 . . . . . . . . . . . . .	Byte	 00000F9B _DATA	
??0053 . . . . . . . . . . . . .	Byte	 00000ED3 _DATA	
??0054 . . . . . . . . . . . . .	Text   	 o
??0055 . . . . . . . . . . . . .	Byte	 00000ED2 _DATA	
??0058 . . . . . . . . . . . . .	Number	 00000000h   
??0059 . . . . . . . . . . . . .	Byte	 00000F9E _DATA	
??005B . . . . . . . . . . . . .	Byte	 00001069 _DATA	
??005C . . . . . . . . . . . . .	Byte	 00000FA1 _DATA	
??005D . . . . . . . . . . . . .	Text   	 o
??005E . . . . . . . . . . . . .	Byte	 00000FA0 _DATA	
??0061 . . . . . . . . . . . . .	Byte	 00001071 _DATA	
??0062 . . . . . . . . . . . . .	Byte	 0000106D _DATA	
??0063 . . . . . . . . . . . . .	Text   	 "
??0064 . . . . . . . . . . . . .	Byte	 0000106C _DATA	
??0067 . . . . . . . . . . . . .	Byte	 00001074 _DATA	
??0068 . . . . . . . . . . . . .	Number	 00000000h   
??0069 . . . . . . . . . . . . .	Byte	 00001077 _DATA	
??006B . . . . . . . . . . . . .	Byte	 00001142 _DATA	
??006C . . . . . . . . . . . . .	Byte	 0000107A _DATA	
??006D . . . . . . . . . . . . .	Text   	 o
??006E . . . . . . . . . . . . .	Byte	 00001079 _DATA	
??0071 . . . . . . . . . . . . .	Byte	 00001150 _DATA	
??0072 . . . . . . . . . . . . .	Byte	 00001146 _DATA	
??0073 . . . . . . . . . . . . .	Text   	 "
??0074 . . . . . . . . . . . . .	Byte	 00001145 _DATA	
??0076 . . . . . . . . . . . . .	L Near	 000007CA _TEXT	
??0077 . . . . . . . . . . . . .	Byte	 00001163 _DATA	
??0078 . . . . . . . . . . . . .	Byte	 00001154 _DATA	
??0079 . . . . . . . . . . . . .	Text   	 "
??007A . . . . . . . . . . . . .	Byte	 00001153 _DATA	
??007C . . . . . . . . . . . . .	L Near	 00000844 _TEXT	
??007D . . . . . . . . . . . . .	Byte	 00001166 _DATA	
??007E . . . . . . . . . . . . .	Number	 00000000h   
??007F . . . . . . . . . . . . .	Byte	 00001169 _DATA	
??0081 . . . . . . . . . . . . .	Byte	 00001234 _DATA	
??0082 . . . . . . . . . . . . .	Byte	 0000116C _DATA	
??0083 . . . . . . . . . . . . .	Text   	 o
??0084 . . . . . . . . . . . . .	Byte	 0000116B _DATA	
??0085 . . . . . . . . . . . . .	L Near	 00000876 _TEXT	
??0086 . . . . . . . . . . . . .	L Near	 000008AC _TEXT	
??0087 . . . . . . . . . . . . .	Byte	 00001242 _DATA	
??0088 . . . . . . . . . . . . .	Byte	 00001238 _DATA	
??0089 . . . . . . . . . . . . .	Text   	 "
??008A . . . . . . . . . . . . .	Byte	 00001237 _DATA	
??008C . . . . . . . . . . . . .	L Near	 000008F3 _TEXT	
??008D . . . . . . . . . . . . .	Byte	 00001245 _DATA	
??008E . . . . . . . . . . . . .	L Near	 0000090A _TEXT	
??008F . . . . . . . . . . . . .	Byte	 00001256 _DATA	
??0090 . . . . . . . . . . . . .	Byte	 00001247 _DATA	
??0091 . . . . . . . . . . . . .	Text   	 "
??0092 . . . . . . . . . . . . .	Byte	 00001246 _DATA	
??0094 . . . . . . . . . . . . .	L Near	 0000098C _TEXT	
??0095 . . . . . . . . . . . . .	Byte	 00001259 _DATA	
??0096 . . . . . . . . . . . . .	Number	 00000000h   
??0097 . . . . . . . . . . . . .	Byte	 0000125C _DATA	
??0099 . . . . . . . . . . . . .	Byte	 00001327 _DATA	
??009A . . . . . . . . . . . . .	Byte	 0000125F _DATA	
??009B . . . . . . . . . . . . .	Text   	 o
??009C . . . . . . . . . . . . .	Byte	 0000125E _DATA	
??009D . . . . . . . . . . . . .	L Near	 000009BE _TEXT	
??009E . . . . . . . . . . . . .	L Near	 000009F4 _TEXT	
??009F . . . . . . . . . . . . .	Byte	 00001338 _DATA	
??00A0 . . . . . . . . . . . . .	Byte	 0000132B _DATA	
??00A1 . . . . . . . . . . . . .	Text   	 "
??00A2 . . . . . . . . . . . . .	Byte	 0000132A _DATA	
??00A4 . . . . . . . . . . . . .	L Near	 00000A4A _TEXT	
??00A5 . . . . . . . . . . . . .	Number	 00000006h   
??00A6 . . . . . . . . . . . . .	Number	 00000007h   
??00A7 . . . . . . . . . . . . .	Number	 00000000h   
??00A8 . . . . . . . . . . . . .	Byte	 0000133B _DATA	
??00B0 . . . . . . . . . . . . .	Number	 00000002h   
??00B2 . . . . . . . . . . . . .	Byte	 0000133E _DATA	
??00B3 . . . . . . . . . . . . .	Number	 00000000h   
??00B4 . . . . . . . . . . . . .	Byte	 00001341 _DATA	
??00B6 . . . . . . . . . . . . .	Byte	 0000140C _DATA	
??00B7 . . . . . . . . . . . . .	Byte	 00001344 _DATA	
??00B8 . . . . . . . . . . . . .	Text   	 o
??00B9 . . . . . . . . . . . . .	Byte	 00001343 _DATA	
??00BA . . . . . . . . . . . . .	L Near	 00000A9A _TEXT	
??00BB . . . . . . . . . . . . .	L Near	 00000AD0 _TEXT	
??00BC . . . . . . . . . . . . .	Byte	 0000141D _DATA	
??00BD . . . . . . . . . . . . .	Byte	 00001410 _DATA	
??00BE . . . . . . . . . . . . .	Text   	 "
??00BF . . . . . . . . . . . . .	Byte	 0000140F _DATA	
??00C1 . . . . . . . . . . . . .	L Near	 00000B12 _TEXT	
??00C2 . . . . . . . . . . . . .	Number	 00000006h   
??00C3 . . . . . . . . . . . . .	Number	 00000007h   
??00C4 . . . . . . . . . . . . .	Number	 00000000h   
??00C5 . . . . . . . . . . . . .	Byte	 00001420 _DATA	
??00CD . . . . . . . . . . . . .	Number	 00000002h   
??00CF . . . . . . . . . . . . .	Byte	 00001423 _DATA	
??00D0 . . . . . . . . . . . . .	Number	 00000000h   
??00D1 . . . . . . . . . . . . .	Byte	 00001426 _DATA	
??00D3 . . . . . . . . . . . . .	Byte	 000014F1 _DATA	
??00D4 . . . . . . . . . . . . .	Byte	 00001429 _DATA	
??00D5 . . . . . . . . . . . . .	Text   	 o
??00D6 . . . . . . . . . . . . .	Byte	 00001428 _DATA	
??00D7 . . . . . . . . . . . . .	L Near	 00000B62 _TEXT	
??00D8 . . . . . . . . . . . . .	L Near	 00000B98 _TEXT	
??00D9 . . . . . . . . . . . . .	Byte	 00001519 _DATA	
??00DA . . . . . . . . . . . . .	Byte	 000014F5 _DATA	
??00DB . . . . . . . . . . . . .	Text   	 "
??00DC . . . . . . . . . . . . .	Byte	 000014F4 _DATA	
??00DE . . . . . . . . . . . . .	L Near	 00000BE0 _TEXT	
??00DF . . . . . . . . . . . . .	Byte	 0000151C _DATA	
??00E0 . . . . . . . . . . . . .	Number	 00000000h   
??00E1 . . . . . . . . . . . . .	Byte	 0000151F _DATA	
??00E3 . . . . . . . . . . . . .	Byte	 000015EA _DATA	
??00E4 . . . . . . . . . . . . .	Byte	 00001522 _DATA	
??00E5 . . . . . . . . . . . . .	Text   	 o
??00E6 . . . . . . . . . . . . .	Byte	 00001521 _DATA	
??00E7 . . . . . . . . . . . . .	L Near	 00000C12 _TEXT	
??00E8 . . . . . . . . . . . . .	L Near	 00000C48 _TEXT	
??00E9 . . . . . . . . . . . . .	Byte	 0000161B _DATA	
??00EA . . . . . . . . . . . . .	Byte	 000015EE _DATA	
??00EB . . . . . . . . . . . . .	Text   	 "
??00EC . . . . . . . . . . . . .	Byte	 000015ED _DATA	
??00EE . . . . . . . . . . . . .	L Near	 00000C8A _TEXT	
??00EF . . . . . . . . . . . . .	Byte	 0000161E _DATA	
??00F0 . . . . . . . . . . . . .	Number	 00000000h   
??00F1 . . . . . . . . . . . . .	Byte	 00001621 _DATA	
??00F3 . . . . . . . . . . . . .	Byte	 000016EC _DATA	
??00F4 . . . . . . . . . . . . .	Byte	 00001624 _DATA	
??00F5 . . . . . . . . . . . . .	Text   	 o
??00F6 . . . . . . . . . . . . .	Byte	 00001623 _DATA	
??00F7 . . . . . . . . . . . . .	L Near	 00000CBC _TEXT	
??00F8 . . . . . . . . . . . . .	L Near	 00000CF2 _TEXT	
??00F9 . . . . . . . . . . . . .	Byte	 00001700 _DATA	
??00FA . . . . . . . . . . . . .	Byte	 000016F0 _DATA	
??00FB . . . . . . . . . . . . .	Text   	 "
??00FC . . . . . . . . . . . . .	Byte	 000016EF _DATA	
??00FE . . . . . . . . . . . . .	L Near	 00000D34 _TEXT	
??00FF . . . . . . . . . . . . .	Byte	 00001703 _DATA	
??0100 . . . . . . . . . . . . .	Number	 00000000h   
??0101 . . . . . . . . . . . . .	Byte	 00001706 _DATA	
??0103 . . . . . . . . . . . . .	Byte	 000017D1 _DATA	
??0104 . . . . . . . . . . . . .	Byte	 00001709 _DATA	
??0105 . . . . . . . . . . . . .	Text   	 o
??0106 . . . . . . . . . . . . .	Byte	 00001708 _DATA	
??0107 . . . . . . . . . . . . .	L Near	 00000D66 _TEXT	
??0108 . . . . . . . . . . . . .	L Near	 00000D9C _TEXT	
??0109 . . . . . . . . . . . . .	Byte	 000017E7 _DATA	
??010A . . . . . . . . . . . . .	Byte	 000017D5 _DATA	
??010B . . . . . . . . . . . . .	Text   	 "
??010C . . . . . . . . . . . . .	Byte	 000017D4 _DATA	
??010E . . . . . . . . . . . . .	L Near	 00000DF7 _TEXT	
??010F . . . . . . . . . . . . .	Byte	 000017EA _DATA	
??0110 . . . . . . . . . . . . .	Number	 00000000h   
??0111 . . . . . . . . . . . . .	Byte	 000017ED _DATA	
??0113 . . . . . . . . . . . . .	Byte	 000018B8 _DATA	
??0114 . . . . . . . . . . . . .	Byte	 000017F0 _DATA	
??0115 . . . . . . . . . . . . .	Text   	 o
??0116 . . . . . . . . . . . . .	Byte	 000017EF _DATA	
??0117 . . . . . . . . . . . . .	L Near	 00000E29 _TEXT	
??0118 . . . . . . . . . . . . .	L Near	 00000E5F _TEXT	
??0119 . . . . . . . . . . . . .	Byte	 000018CC _DATA	
??011A . . . . . . . . . . . . .	Byte	 000018BC _DATA	
??011B . . . . . . . . . . . . .	Text   	 "
??011C . . . . . . . . . . . . .	Byte	 000018BB _DATA	
??011E . . . . . . . . . . . . .	L Near	 00000EA1 _TEXT	
??011F . . . . . . . . . . . . .	Byte	 000018CF _DATA	
??0120 . . . . . . . . . . . . .	Number	 00000000h   
??0121 . . . . . . . . . . . . .	Byte	 000018D2 _DATA	
??0123 . . . . . . . . . . . . .	Byte	 0000199D _DATA	
??0124 . . . . . . . . . . . . .	Byte	 000018D5 _DATA	
??0125 . . . . . . . . . . . . .	Text   	 o
??0126 . . . . . . . . . . . . .	Byte	 000018D4 _DATA	
??0127 . . . . . . . . . . . . .	L Near	 00000ED3 _TEXT	
??0128 . . . . . . . . . . . . .	L Near	 00000F09 _TEXT	
??0129 . . . . . . . . . . . . .	Byte	 000019CE _DATA	
??012A . . . . . . . . . . . . .	Byte	 000019A1 _DATA	
??012B . . . . . . . . . . . . .	Text   	 "
??012C . . . . . . . . . . . . .	Byte	 000019A0 _DATA	
??012E . . . . . . . . . . . . .	L Near	 00000F4B _TEXT	
??012F . . . . . . . . . . . . .	Byte	 000019D1 _DATA	
??0130 . . . . . . . . . . . . .	Number	 00000000h   
??0131 . . . . . . . . . . . . .	Byte	 000019D4 _DATA	
??0133 . . . . . . . . . . . . .	Byte	 00001A9F _DATA	
??0134 . . . . . . . . . . . . .	Byte	 000019D7 _DATA	
??0135 . . . . . . . . . . . . .	Text   	 o
??0136 . . . . . . . . . . . . .	Byte	 000019D6 _DATA	
??0137 . . . . . . . . . . . . .	L Near	 00000F7D _TEXT	
??0138 . . . . . . . . . . . . .	L Near	 00000FB3 _TEXT	
??0139 . . . . . . . . . . . . .	Byte	 00001ABC _DATA	
??013A . . . . . . . . . . . . .	Byte	 00001AA3 _DATA	
??013B . . . . . . . . . . . . .	Text   	 "
??013C . . . . . . . . . . . . .	Byte	 00001AA2 _DATA	
??013E . . . . . . . . . . . . .	L Near	 0000100B _TEXT	
??013F . . . . . . . . . . . . .	Byte	 00001ABF _DATA	
??0140 . . . . . . . . . . . . .	Number	 00000000h   
??0141 . . . . . . . . . . . . .	Byte	 00001AC2 _DATA	
??0143 . . . . . . . . . . . . .	Byte	 00001B8D _DATA	
??0144 . . . . . . . . . . . . .	Byte	 00001AC5 _DATA	
??0145 . . . . . . . . . . . . .	Text   	 o
??0146 . . . . . . . . . . . . .	Byte	 00001AC4 _DATA	
??0147 . . . . . . . . . . . . .	L Near	 0000103D _TEXT	
??0148 . . . . . . . . . . . . .	L Near	 00001073 _TEXT	
??0149 . . . . . . . . . . . . .	Byte	 00001BAA _DATA	
??014A . . . . . . . . . . . . .	Byte	 00001B91 _DATA	
??014B . . . . . . . . . . . . .	Text   	 "
??014C . . . . . . . . . . . . .	Byte	 00001B90 _DATA	
??014E . . . . . . . . . . . . .	L Near	 000010BF _TEXT	
??014F . . . . . . . . . . . . .	Byte	 00001BAD _DATA	
??0150 . . . . . . . . . . . . .	Number	 00000000h   
??0151 . . . . . . . . . . . . .	Byte	 00001BB0 _DATA	
??0153 . . . . . . . . . . . . .	Byte	 00001C7B _DATA	
??0154 . . . . . . . . . . . . .	Byte	 00001BB3 _DATA	
??0155 . . . . . . . . . . . . .	Text   	 o
??0156 . . . . . . . . . . . . .	Byte	 00001BB2 _DATA	
??0157 . . . . . . . . . . . . .	L Near	 000010F1 _TEXT	
??0158 . . . . . . . . . . . . .	L Near	 00001127 _TEXT	
??0159 . . . . . . . . . . . . .	Byte	 00001C93 _DATA	
??015A . . . . . . . . . . . . .	Byte	 00001C7F _DATA	
??015B . . . . . . . . . . . . .	Text   	 "
??015C . . . . . . . . . . . . .	Byte	 00001C7E _DATA	
??015E . . . . . . . . . . . . .	L Near	 00001178 _TEXT	
??015F . . . . . . . . . . . . .	Byte	 00001C96 _DATA	
??0160 . . . . . . . . . . . . .	Number	 00000000h   
??0161 . . . . . . . . . . . . .	Byte	 00001C99 _DATA	
??0163 . . . . . . . . . . . . .	Byte	 00001D64 _DATA	
??0164 . . . . . . . . . . . . .	Byte	 00001C9C _DATA	
??0165 . . . . . . . . . . . . .	Text   	 o
??0166 . . . . . . . . . . . . .	Byte	 00001C9B _DATA	
??0167 . . . . . . . . . . . . .	L Near	 000011AA _TEXT	
??0168 . . . . . . . . . . . . .	L Near	 000011E0 _TEXT	
??CommonHeapElemSize . . . . . .	DWord	 00000004 _DATA	
??ConsoleMode  . . . . . . . . .	Byte	 00000008 _DATA	
??TotalHeapAllocated . . . . . .	DWord	 00000000 _DATA	
??sTime  . . . . . . . . . . . .	SystemTime  00000009 _DATA	
@CodeSize  . . . . . . . . . . .	Number	 00000000h   
@DOS . . . . . . . . . . . . . .	Text   	 DOS
@DataSize  . . . . . . . . . . .	Number	 00000000h   
@INCHAR  . . . . . . . . . . . .	Text   	 @inchar
@ININTLN . . . . . . . . . . . .	Text   	 @inintln
@ININT . . . . . . . . . . . . .	Text   	 @inint
@InChar  . . . . . . . . . . . .	Text   	 @inchar
@InInt . . . . . . . . . . . . .	Text   	 @inint
@Inchar  . . . . . . . . . . . .	Text   	 @inchar
@InintLn . . . . . . . . . . . .	Text   	 @inintln
@Inintln . . . . . . . . . . . .	Text   	 @inintln
@Inint . . . . . . . . . . . . .	Text   	 @inint
@Interface . . . . . . . . . . .	Number	 00000003h   
@Model . . . . . . . . . . . . .	Number	 00000007h   
@READKEY . . . . . . . . . . . .	Text   	 @readkey
@ReadKey . . . . . . . . . . . .	Text   	 @readkey
@code  . . . . . . . . . . . . .	Text   	 _TEXT
@data  . . . . . . . . . . . . .	Text   	 FLAT
@dos . . . . . . . . . . . . . .	Text   	 DOS
@fardata?  . . . . . . . . . . .	Text   	 FLAT
@fardata . . . . . . . . . . . .	Text   	 FLAT
@random  . . . . . . . . . . . .	Text   	 @Random
@stack . . . . . . . . . . . . .	Text   	 FLAT
AllocConsole@0 . . . . . . . . .	L Near	 00000000 FLAT	External STDCALL
Arr_1  . . . . . . . . . . . . .	Byte	 00000019 _DATA	
Arr_2  . . . . . . . . . . . . .	Byte	 00000417 _DATA	
Arr_Len_1  . . . . . . . . . . .	Word	 00000915 _DATA	
Arr_Len_2  . . . . . . . . . . .	Word	 00000917 _DATA	
Arr_Un_1 . . . . . . . . . . . .	Word	 00000919 _DATA	
Arr_Un_2 . . . . . . . . . . . .	Word	 0000091B _DATA	
Arr_U  . . . . . . . . . . . . .	Byte	 00000815 _DATA	
Black  . . . . . . . . . . . . .	Number	 00000000h   
Blue . . . . . . . . . . . . . .	Number	 00000001h   
Bright . . . . . . . . . . . . .	Number	 00000008h   
Brown  . . . . . . . . . . . . .	Number	 00000006h   
CLRSCR . . . . . . . . . . . . .	Text   	 ClrScr
CREATE_ALWAYS  . . . . . . . . .	Number	 00000002h   
CREATE_NEW . . . . . . . . . . .	Number	 00000001h   
CharToOem  . . . . . . . . . . .	Text   	 CharToOemA
Cls  . . . . . . . . . . . . . .	Text   	 ClrScr
Conv_Case_1  . . . . . . . . . .	L Near	 00000A10 _TEXT	
Conv_Case_2  . . . . . . . . . .	L Near	 00000DCC _TEXT	
CreateFile . . . . . . . . . . .	Text   	 CreateFileA
Cyan . . . . . . . . . . . . . .	Number	 00000003h   
DISPOSE  . . . . . . . . . . . .	Text   	 dispose
DarkGray . . . . . . . . . . . .	Number	 00000008h   
Dispose  . . . . . . . . . . . .	Text   	 dispose
EXIT . . . . . . . . . . . . . .	Text   	 exit
Exit . . . . . . . . . . . . . .	Text   	 exit
FILE_ATTRIBUTE_ARCHIVE . . . . .	Number	 00000020h   
FILE_ATTRIBUTE_COMPRESSED  . . .	Number	 00000800h   
FILE_ATTRIBUTE_DIRECTORY . . . .	Number	 00000010h   
FILE_ATTRIBUTE_HIDDEN  . . . . .	Number	 00000002h   
FILE_ATTRIBUTE_NORMAL  . . . . .	Number	 00000080h   
FILE_ATTRIBUTE_READONLY  . . . .	Number	 00000001h   
FILE_ATTRIBUTE_SYSTEM  . . . . .	Number	 00000004h   
FILE_ATTRIBUTE_TEMPORARY . . . .	Number	 00000100h   
FLUSH  . . . . . . . . . . . . .	Text   	 flush
Flush  . . . . . . . . . . . . .	Text   	 flush
FreeConsole@0  . . . . . . . . .	L Near	 00000000 FLAT	External STDCALL
GENERIC_ALL  . . . . . . . . . .	Number	 10000000h   
GENERIC_EXECUTE  . . . . . . . .	Number	 20000000h   
GENERIC_READ . . . . . . . . . .	Number	 -80000000h   
GENERIC_WRITE  . . . . . . . . .	Number	 40000000h   
GMEM_FIXED . . . . . . . . . . .	Number	 00000000h   
GMEM_ZEROINIT  . . . . . . . . .	Number	 00000040h   
GOTOXY . . . . . . . . . . . . .	Text   	 gotoXY
GetModuleHandle  . . . . . . . .	Text   	 GetModuleHandleA
GotoXY . . . . . . . . . . . . .	Text   	 gotoXY
Green  . . . . . . . . . . . . .	Number	 00000002h   
IDABORT  . . . . . . . . . . . .	Number	 00000003h   
IDCANCEL . . . . . . . . . . . .	Number	 00000002h   
IDIGNORE . . . . . . . . . . . .	Number	 00000005h   
IDNO . . . . . . . . . . . . . .	Number	 00000007h   
IDOK . . . . . . . . . . . . . .	Number	 00000001h   
IDRETRY  . . . . . . . . . . . .	Number	 00000004h   
IDYES  . . . . . . . . . . . . .	Number	 00000006h   
INCHAR . . . . . . . . . . . . .	Text   	 inchar
ININTLN  . . . . . . . . . . . .	Text   	 inintln
ININT  . . . . . . . . . . . . .	Text   	 inint
INPUTSTR . . . . . . . . . . . .	Text   	 InputStr
InChar . . . . . . . . . . . . .	Text   	 inchar
InInt  . . . . . . . . . . . . .	Text   	 inint
Inchar . . . . . . . . . . . . .	Text   	 inchar
InintLn  . . . . . . . . . . . .	Text   	 inintln
Inintln  . . . . . . . . . . . .	Text   	 inintln
Inint  . . . . . . . . . . . . .	Text   	 inint
Input_First_Text . . . . . . . .	L Near	 0000079F _TEXT	
Input_Second_Text  . . . . . . .	L Near	 000008C8 _TEXT	
LANG_NEUTRAL . . . . . . . . . .	Number	 00000000h   
Letter_Quotes  . . . . . . . . .	Number	 00000022h   
LightBlue  . . . . . . . . . . .	Number	 00000009h   
LightGray  . . . . . . . . . . .	Number	 00000007h   
LightGreen . . . . . . . . . . .	Number	 0000000Ah   
LightMagenta . . . . . . . . . .	Number	 0000000Dh   
LightRed . . . . . . . . . . . .	Number	 0000000Ch   
MB_ABORTRETRYIGNORE  . . . . . .	Number	 00000002h   
MB_CANCELTRYCONTINUE . . . . . .	Number	 00000006h   
MB_DEFBUTTON1  . . . . . . . . .	Number	 00000000h   
MB_DEFBUTTON2  . . . . . . . . .	Number	 00000100h   
MB_DEFBUTTON3  . . . . . . . . .	Number	 00000200h   
MB_DEFBUTTON4  . . . . . . . . .	Number	 00000300h   
MB_HELP  . . . . . . . . . . . .	Number	 00004000h   
MB_ICONASTERISK  . . . . . . . .	Number	 00000040h   
MB_ICONEXCLAMATION . . . . . . .	Number	 00000030h   
MB_ICONHAND  . . . . . . . . . .	Number	 00000008h   
MB_ICONQUESTION  . . . . . . . .	Number	 00000020h   
MB_ICONSTOP  . . . . . . . . . .	Number	 00000010h   
MB_OKCANCEL  . . . . . . . . . .	Number	 00000001h   
MB_OK  . . . . . . . . . . . . .	Number	 00000000h   
MB_RETRYCANCEL . . . . . . . . .	Number	 00000005h   
MB_RIGHT . . . . . . . . . . . .	Number	 00080000h   
MB_SYSTEMMODAL . . . . . . . . .	Number	 00001000h   
MB_USERICON  . . . . . . . . . .	Number	 00000080h   
MB_YESNOCANCEL . . . . . . . . .	Number	 00000003h   
MB_YESNO . . . . . . . . . . . .	Number	 00000004h   
MSGBOX . . . . . . . . . . . . .	Text   	 MsgBox
Magenta  . . . . . . . . . . . .	Number	 00000005h   
Max_Len  . . . . . . . . . . . .	Number	 000001FFh   
MessageBoxIndirect . . . . . . .	Text   	 MessageBoxIndirectA
MessageBox . . . . . . . . . . .	Text   	 MessageBoxA
NEWLINE  . . . . . . . . . . . .	Text   	 newline
NEW  . . . . . . . . . . . . . .	Text   	 new
NULL . . . . . . . . . . . . . .	Number	 00000000h   
NewLine  . . . . . . . . . . . .	Text   	 newline
Newline  . . . . . . . . . . . .	Text   	 newline
New  . . . . . . . . . . . . . .	Text   	 new
OPEN_ALWAYS  . . . . . . . . . .	Number	 00000004h   
OPEN_EXISTING  . . . . . . . . .	Number	 00000003h   
OUTCHARLN  . . . . . . . . . . .	Text   	 outcharln
OUTCHAR  . . . . . . . . . . . .	Text   	 outchar
OUTCH  . . . . . . . . . . . . .	Text   	 outchar
OUTCLN . . . . . . . . . . . . .	Text   	 outcharln
OUTDATELN  . . . . . . . . . . .	Text   	 outdateln
OUTDATE  . . . . . . . . . . . .	Text   	 outdate
OUTINTLN . . . . . . . . . . . .	Text   	 outintln
OUTINT . . . . . . . . . . . . .	Text   	 outint
OUTI . . . . . . . . . . . . . .	Text   	 outint
OUTSTRLN . . . . . . . . . . . .	Text   	 outstrln
OUTSTR . . . . . . . . . . . . .	Text   	 outstr
OUTTIMELN  . . . . . . . . . . .	Text   	 outtimeln
OUTTIME  . . . . . . . . . . . .	Text   	 outtime
OUTU . . . . . . . . . . . . . .	Text   	 outword
OUTWORDLN  . . . . . . . . . . .	Text   	 outwordln
OUTWORD  . . . . . . . . . . . .	Text   	 outword
OutCharLn  . . . . . . . . . . .	Text   	 outcharln
OutCharln  . . . . . . . . . . .	Text   	 outcharln
OutChar  . . . . . . . . . . . .	Text   	 outchar
OutDateLn  . . . . . . . . . . .	Text   	 outdateln
OutDateln  . . . . . . . . . . .	Text   	 outdateln
OutDate  . . . . . . . . . . . .	Text   	 outdate
OutILn . . . . . . . . . . . . .	Text   	 outintln
OutIln . . . . . . . . . . . . .	Text   	 outintln
OutIntLn . . . . . . . . . . . .	Text   	 outintln
OutInt . . . . . . . . . . . . .	Text   	 outint
OutI . . . . . . . . . . . . . .	Text   	 outint
OutNumLn . . . . . . . . . . . .	Text   	 outnumln
OutNumln . . . . . . . . . . . .	Text   	 outnumln
OutNum . . . . . . . . . . . . .	Text   	 outnum
OutStrLn . . . . . . . . . . . .	Text   	 outstrln
OutStr . . . . . . . . . . . . .	Text   	 outstr
OutTimeLn  . . . . . . . . . . .	Text   	 outtimeln
OutTimeln  . . . . . . . . . . .	Text   	 outtimeln
OutTime  . . . . . . . . . . . .	Text   	 outtime
OutULn . . . . . . . . . . . . .	Text   	 outwordln
OutUln . . . . . . . . . . . . .	Text   	 outwordln
OutUnsignedLn  . . . . . . . . .	Text   	 outwordln
OutUnsignedln  . . . . . . . . .	Text   	 outwordln
OutUnsigned  . . . . . . . . . .	Text   	 outword
OutU . . . . . . . . . . . . . .	Text   	 outword
OutWordLn  . . . . . . . . . . .	Text   	 outwordln
OutWord  . . . . . . . . . . . .	Text   	 outword
OutintLn . . . . . . . . . . . .	Text   	 outintln
Outintln . . . . . . . . . . . .	Text   	 outintln
Outint . . . . . . . . . . . . .	Text   	 outint
Output . . . . . . . . . . . . .	L Near	 00000FE0 _TEXT	
OutstrLn . . . . . . . . . . . .	Text   	 outstrln
OutwordLn  . . . . . . . . . . .	Text   	 outwordln
Outword  . . . . . . . . . . . .	Text   	 outword
PAGE_EXECUTE_READWRITE . . . . .	Number	 00000040h   
PAGE_EXECUTE_READ  . . . . . . .	Number	 00000020h   
PAGE_EXECUTE_WRITECOPY . . . . .	Number	 00000080h   
PAGE_EXECUTE . . . . . . . . . .	Number	 00000010h   
PAGE_NOACCESS  . . . . . . . . .	Number	 00000001h   
PAGE_READONLY  . . . . . . . . .	Number	 00000002h   
PAGE_READWRITE . . . . . . . . .	Number	 00000004h   
PAGE_WRITECOPY . . . . . . . . .	Number	 00000008h   
PAUSE  . . . . . . . . . . . . .	Text   	 pause
Pause  . . . . . . . . . . . . .	Text   	 pause
ProgramEndNotText  . . . . . . .	L Near	 0000114D _TEXT	
Program_End  . . . . . . . . . .	L Near	 000011F7 _TEXT	
READKEY  . . . . . . . . . . . .	Text   	 readkey
ReadKey  . . . . . . . . . . . .	Text   	 readkey
Red  . . . . . . . . . . . . . .	Number	 00000004h   
STD_ERROR_HANDLE . . . . . . . .	Number	 -0000000Ch   
STD_INPUT_HANDLE . . . . . . . .	Number	 -0000000Ah   
STD_OUTPUT_HANDLE  . . . . . . .	Number	 -0000000Bh   
SetConsoleTitle  . . . . . . . .	Text   	 SetConsoleTitleA
Start  . . . . . . . . . . . . .	L Near	 0000079F _TEXT	Public STDCALL
TRUNCATE_EXISTING  . . . . . . .	Number	 00000005h   
URLDownloadToFile  . . . . . . .	Text   	 URLDownloadToFileA
White  . . . . . . . . . . . . .	Number	 0000000Fh   
Yellow . . . . . . . . . . . . .	Number	 0000000Eh   
_imp___exit  . . . . . . . . . .	DWord	 00000000 FLAT	External STDCALL
_imp__printf . . . . . . . . . .	DWord	 00000000 FLAT	External STDCALL
_imp__sprintf  . . . . . . . . .	DWord	 00000000 FLAT	External STDCALL
black  . . . . . . . . . . . . .	Number	 00000000h   
blue . . . . . . . . . . . . . .	Number	 00000001h   
bright . . . . . . . . . . . . .	Number	 00000008h   
brown  . . . . . . . . . . . . .	Number	 00000006h   
clrscr . . . . . . . . . . . . .	Text   	 ClrScr
crt__exit  . . . . . . . . . . .	Text   	 _imp___exit
crt_printf . . . . . . . . . . .	Text   	 _imp__printf
crt_sprintf  . . . . . . . . . .	Text   	 _imp__sprintf
cyan . . . . . . . . . . . . . .	Number	 00000003h   
darkgray . . . . . . . . . . . .	Number	 00000008h   
dos  . . . . . . . . . . . . . .	Text   	 DOS
downloadfile . . . . . . . . . .	Text   	 DownloadFile
gotoxy . . . . . . . . . . . . .	Text   	 gotoXY
green  . . . . . . . . . . . . .	Number	 00000002h   
heapblocksize  . . . . . . . . .	Text   	 HeapBlockSize
inint_proc@0 . . . . . . . . . .	L Near	 00000000 FLAT	External STDCALL
inputstr . . . . . . . . . . . .	Text   	 InputStr
lightblue  . . . . . . . . . . .	Number	 00000009h   
lightgray  . . . . . . . . . . .	Number	 00000007h   
lightgreen . . . . . . . . . . .	Number	 0000000Ah   
lightmagenta . . . . . . . . . .	Number	 0000000Dh   
lightred . . . . . . . . . . . .	Number	 0000000Ch   
magenta  . . . . . . . . . . . .	Number	 00000005h   
msgbox . . . . . . . . . . . . .	Text   	 MsgBox
nil  . . . . . . . . . . . . . .	DWord 	 00000000h   
outch  . . . . . . . . . . . . .	Text   	 outchar
outintLn . . . . . . . . . . . .	Text   	 outintln
outi . . . . . . . . . . . . . .	Text   	 outint
outu . . . . . . . . . . . . . .	Text   	 outword
outwordLn  . . . . . . . . . . .	Text   	 outwordln
randomize  . . . . . . . . . . .	Text   	 Randomize
red  . . . . . . . . . . . . . .	Number	 00000004h   
rus_letter_A_Upper . . . . . . .	Number	 00000080h   
rus_letter_p_lower . . . . . . .	Number	 000000AFh   
rus_letter_r_lower . . . . . . .	Number	 000000E0h   
rus_letter_shc_Upper . . . . . .	Number	 00000099h   
rus_letter_ya_Upper  . . . . . .	Number	 0000009Fh   
rus_letter_ye_Upper  . . . . . .	Number	 00000085h   
rus_letter_yo_Upper  . . . . . .	Number	 000000F0h   
rus_letter_yo_lower  . . . . . .	Number	 000000F1h   
settextattr  . . . . . . . . . .	Text   	 SetTextAttr
whereX . . . . . . . . . . . . .	Text   	 WhereX
whereY . . . . . . . . . . . . .	Text   	 WhereY
wherex . . . . . . . . . . . . .	Text   	 WhereX
wherey . . . . . . . . . . . . .	Text   	 WhereY
white  . . . . . . . . . . . . .	Number	 0000000Fh   
yellow . . . . . . . . . . . . .	Number	 0000000Eh   

	   0 Warnings
	   0 Errors
